Looking for git in: git
Using git 2.25.1 from git
> git rev-parse --show-toplevel
> git rev-parse --git-dir
Open repository: /home/mauroslucios/Documentos/vagrant-setup-php
> git status -z -u
> git show :www/html/laravel_6.0/.env
> git ls-files --stage -- /home/mauroslucios/Documentos/vagrant-setup-php/www/html/laravel_6.0/.env
> git check-ignore -v -z --stdin
> git symbolic-ref --short HEAD
> git rev-parse master
> git rev-parse --symbolic-full-name master@{u}
> git rev-list --left-right master...refs/remotes/origin/master
> git for-each-ref --format %(refname) %(objectname) --sort -committerdate
> git remote --verbose
Failed to watch ref '/home/mauroslucios/Documentos/vagrant-setup-php/.git/refs/remotes/origin/master', is most likely packed.
Error: ENOENT: no such file or directory, watch '/home/mauroslucios/Documentos/vagrant-setup-php/.git/refs/remotes/origin/master'
    at FSWatcher.start (internal/fs/watchers.js:165:26)
    at Object.watch (fs.js:1270:11)
    at Object.t.watch (/snap/code/31/usr/share/code/resources/app/extensions/git/dist/main.js:1:598206)
    at T.updateTransientWatchers (/snap/code/31/usr/share/code/resources/app/extensions/git/dist/main.js:1:83808)
    at e.fire (/snap/code/31/usr/share/code/resources/app/out/vs/workbench/services/extensions/node/extensionHostProcess.js:48:517)
    at e.updateModelState (/snap/code/31/usr/share/code/resources/app/extensions/git/dist/main.js:1:102678)
> git config --get commit.template
> git check-ignore -v -z --stdin
> git check-ignore -v -z --stdin
> git show :www/html/laravel_6.0/config/app.php
> git ls-files --stage -- /home/mauroslucios/Documentos/vagrant-setup-php/www/html/laravel_6.0/config/app.php
> git status -z -u
> git symbolic-ref --short HEAD
> git rev-parse master
> git rev-parse --symbolic-full-name master@{u}
> git rev-list --left-right master...refs/remotes/origin/master
> git for-each-ref --format %(refname) %(objectname) --sort -committerdate
> git remote --verbose
Failed to watch ref '/home/mauroslucios/Documentos/vagrant-setup-php/.git/refs/remotes/origin/master', is most likely packed.
Error: ENOENT: no such file or directory, watch '/home/mauroslucios/Documentos/vagrant-setup-php/.git/refs/remotes/origin/master'
    at FSWatcher.start (internal/fs/watchers.js:165:26)
    at Object.watch (fs.js:1270:11)
    at Object.t.watch (/snap/code/31/usr/share/code/resources/app/extensions/git/dist/main.js:1:598206)
    at T.updateTransientWatchers (/snap/code/31/usr/share/code/resources/app/extensions/git/dist/main.js:1:83808)
    at e.fire (/snap/code/31/usr/share/code/resources/app/out/vs/workbench/services/extensions/node/extensionHostProcess.js:48:517)
    at e.updateModelState (/snap/code/31/usr/share/code/resources/app/extensions/git/dist/main.js:1:102678)
> git config --get commit.template
> git status -z -u
> git symbolic-ref --short HEAD
> git rev-parse master
> git rev-parse --symbolic-full-name master@{u}
> git rev-list --left-right master...refs/remotes/origin/master
> git for-each-ref --format %(refname) %(objectname) --sort -committerdate
> git remote --verbose
Failed to watch ref '/home/mauroslucios/Documentos/vagrant-setup-php/.git/refs/remotes/origin/master', is most likely packed.
Error: ENOENT: no such file or directory, watch '/home/mauroslucios/Documentos/vagrant-setup-php/.git/refs/remotes/origin/master'
    at FSWatcher.start (internal/fs/watchers.js:165:26)
    at Object.watch (fs.js:1270:11)
    at Object.t.watch (/snap/code/31/usr/share/code/resources/app/extensions/git/dist/main.js:1:598206)
    at T.updateTransientWatchers (/snap/code/31/usr/share/code/resources/app/extensions/git/dist/main.js:1:83808)
    at e.fire (/snap/code/31/usr/share/code/resources/app/out/vs/workbench/services/extensions/node/extensionHostProcess.js:48:517)
    at e.updateModelState (/snap/code/31/usr/share/code/resources/app/extensions/git/dist/main.js:1:102678)
> git config --get commit.template
> git show :www/html/laravel_6.0/.env
> git ls-files --stage -- /home/mauroslucios/Documentos/vagrant-setup-php/www/html/laravel_6.0/.env
> git check-ignore -v -z --stdin
> git rev-parse master
> git rev-parse --symbolic-full-name master@{u}
> git rev-list --left-right master...refs/remotes/origin/master
> git rev-parse master
> git rev-parse --symbolic-full-name master@{u}
> git rev-list --left-right master...refs/remotes/origin/master
> git rev-parse master
> git rev-parse --symbolic-full-name master@{u}
> git rev-list --left-right master...refs/remotes/origin/master
> git show :www/html/laravel_6.0/.gitignore
> git ls-files --stage -- /home/mauroslucios/Documentos/vagrant-setup-php/www/html/laravel_6.0/.gitignore
