Initializing document watcher...
laravel_6.0/config/app.php: {"insertSpaces":true,"tabSize":4}
laravel_6.0/config/app.php: {"insertSpaces":true,"tabSize":4}
laravel_6.0/config/app.php: {"insertSpaces":true,"tabSize":4}
laravel_6.0/config/app.php: {"insertSpaces":true,"tabSize":4}
laravel_6.0/config/app.php: Using EditorConfig core...
config/app.php: setEndOfLine(LF)
config/app.php: editor.action.trimTrailingWhitespace
laravel_6.0/config/app.php: Using EditorConfig core...
config/app.php: setEndOfLine(LF)
config/app.php: editor.action.trimTrailingWhitespace
laravel_6.0/config/app.php: Using EditorConfig core...
config/app.php: setEndOfLine(LF)
config/app.php: editor.action.trimTrailingWhitespace
laravel_6.0/config/app.php: Using EditorConfig core...
config/app.php: setEndOfLine(LF)
config/app.php: editor.action.trimTrailingWhitespace
laravel_6.0/.env: {"insertSpaces":true,"tabSize":4}
No more open editors.
No more open editors.
laravel_6.0/.gitignore: {"insertSpaces":true,"tabSize":4}
No more open editors.
