[2020-06-22 16:47:11.743] [exthost] [info] extension host started
[2020-06-22 16:47:11.811] [exthost] [info] ExtensionService#_doActivateExtension aaron-bond.better-comments {"startup":false,"extensionId":{"value":"aaron-bond.better-comments","_lower":"aaron-bond.better-comments"},"activationEvent":"onLanguage:plaintext"}
[2020-06-22 16:47:11.813] [exthost] [info] ExtensionService#loadCommonJSModule file:///root/.vscode/extensions/aaron-bond.better-comments-2.0.5/out/extension
[2020-06-22 16:47:11.962] [exthost] [info] ExtensionService#_doActivateExtension vscode.debug-auto-launch {"startup":true,"extensionId":{"value":"vscode.debug-auto-launch","_lower":"vscode.debug-auto-launch"},"activationEvent":"*"}
[2020-06-22 16:47:11.962] [exthost] [info] ExtensionService#loadCommonJSModule file:///snap/code/31/usr/share/code/resources/app/extensions/debug-auto-launch/dist/extension
[2020-06-22 16:47:12.003] [exthost] [info] ExtensionService#_doActivateExtension vscode.emmet {"startup":true,"extensionId":{"value":"vscode.emmet","_lower":"vscode.emmet"},"activationEvent":"*"}
[2020-06-22 16:47:12.003] [exthost] [info] ExtensionService#loadCommonJSModule file:///snap/code/31/usr/share/code/resources/app/extensions/emmet/dist/extension
[2020-06-22 16:47:12.124] [exthost] [info] ExtensionService#_doActivateExtension vscode.git {"startup":true,"extensionId":{"value":"vscode.git","_lower":"vscode.git"},"activationEvent":"*"}
[2020-06-22 16:47:12.124] [exthost] [info] ExtensionService#loadCommonJSModule file:///snap/code/31/usr/share/code/resources/app/extensions/git/dist/main
[2020-06-22 16:47:12.329] [exthost] [info] ExtensionService#_doActivateExtension vscode.github-authentication {"startup":true,"extensionId":{"value":"vscode.github-authentication","_lower":"vscode.github-authentication"},"activationEvent":"*"}
[2020-06-22 16:47:12.329] [exthost] [info] ExtensionService#loadCommonJSModule file:///snap/code/31/usr/share/code/resources/app/extensions/github-authentication/dist/extension.js
[2020-06-22 16:47:12.350] [exthost] [info] ExtensionService#_doActivateExtension vscode.merge-conflict {"startup":true,"extensionId":{"value":"vscode.merge-conflict","_lower":"vscode.merge-conflict"},"activationEvent":"*"}
[2020-06-22 16:47:12.350] [exthost] [info] ExtensionService#loadCommonJSModule file:///snap/code/31/usr/share/code/resources/app/extensions/merge-conflict/dist/extension
[2020-06-22 16:47:12.383] [exthost] [info] ExtensionService#_doActivateExtension vscode.search-result {"startup":true,"extensionId":{"value":"vscode.search-result","_lower":"vscode.search-result"},"activationEvent":"*"}
[2020-06-22 16:47:12.383] [exthost] [info] ExtensionService#loadCommonJSModule file:///snap/code/31/usr/share/code/resources/app/extensions/search-result/dist/extension.js
[2020-06-22 16:47:12.394] [exthost] [info] ExtensionService#_doActivateExtension vscode.vscode-account {"startup":true,"extensionId":{"value":"vscode.vscode-account","_lower":"vscode.vscode-account"},"activationEvent":"*"}
[2020-06-22 16:47:12.395] [exthost] [info] ExtensionService#loadCommonJSModule file:///snap/code/31/usr/share/code/resources/app/extensions/vscode-account/dist/extension.js
[2020-06-22 16:47:12.420] [exthost] [info] ExtensionService#_doActivateExtension alefragnani.project-manager {"startup":true,"extensionId":{"value":"alefragnani.project-manager","_lower":"alefragnani.project-manager"},"activationEvent":"*"}
[2020-06-22 16:47:12.421] [exthost] [info] ExtensionService#loadCommonJSModule file:///root/.vscode/extensions/alefragnani.project-manager-10.12.0/dist/extension
[2020-06-22 16:47:12.472] [exthost] [info] ExtensionService#_doActivateExtension bajdzis.vscode-database {"startup":true,"extensionId":{"value":"bajdzis.vscode-database","_lower":"bajdzis.vscode-database"},"activationEvent":"*"}
[2020-06-22 16:47:12.472] [exthost] [info] ExtensionService#loadCommonJSModule file:///root/.vscode/extensions/bajdzis.vscode-database-2.2.0/out/extension.js
[2020-06-22 16:47:12.585] [exthost] [info] ExtensionService#_doActivateExtension donjayamanne.githistory {"startup":true,"extensionId":{"value":"donjayamanne.githistory","_lower":"donjayamanne.githistory"},"activationEvent":"*"}
[2020-06-22 16:47:12.585] [exthost] [info] ExtensionService#loadCommonJSModule file:///root/.vscode/extensions/donjayamanne.githistory-0.6.5/dist/src/extension
[2020-06-22 16:47:12.685] [exthost] [info] ExtensionService#_doActivateExtension eamodio.gitlens {"startup":true,"extensionId":{"value":"eamodio.gitlens","_lower":"eamodio.gitlens"},"activationEvent":"*"}
[2020-06-22 16:47:12.685] [exthost] [info] ExtensionService#loadCommonJSModule file:///root/.vscode/extensions/eamodio.gitlens-10.2.2/dist/extension
[2020-06-22 16:47:12.879] [exthost] [info] ExtensionService#_doActivateExtension EditorConfig.EditorConfig {"startup":true,"extensionId":{"value":"EditorConfig.EditorConfig","_lower":"editorconfig.editorconfig"},"activationEvent":"*"}
[2020-06-22 16:47:12.880] [exthost] [info] ExtensionService#loadCommonJSModule file:///root/.vscode/extensions/editorconfig.editorconfig-0.15.1/out/editorConfigMain.js
[2020-06-22 16:47:13.357] [exthost] [info] ExtensionService#_doActivateExtension jakethashi.vscode-angular2-emmet {"startup":true,"extensionId":{"value":"jakethashi.vscode-angular2-emmet","_lower":"jakethashi.vscode-angular2-emmet"},"activationEvent":"*"}
[2020-06-22 16:47:13.357] [exthost] [info] ExtensionService#loadCommonJSModule file:///root/.vscode/extensions/jakethashi.vscode-angular2-emmet-2.0.3/out/src/extension
[2020-06-22 16:47:13.790] [exthost] [info] ExtensionService#_doActivateExtension joelday.docthis {"startup":true,"extensionId":{"value":"joelday.docthis","_lower":"joelday.docthis"},"activationEvent":"*"}
[2020-06-22 16:47:13.790] [exthost] [info] ExtensionService#loadCommonJSModule file:///root/.vscode/extensions/joelday.docthis-0.7.1/out/src/extension
[2020-06-22 16:47:14.085] [exthost] [info] ExtensionService#_doActivateExtension ms-vsliveshare.vsliveshare {"startup":true,"extensionId":{"value":"ms-vsliveshare.vsliveshare","_lower":"ms-vsliveshare.vsliveshare"},"activationEvent":"*"}
[2020-06-22 16:47:14.085] [exthost] [info] ExtensionService#loadCommonJSModule file:///root/.vscode/extensions/ms-vsliveshare.vsliveshare-1.0.2354/out/prod/extension-prod
[2020-06-22 16:47:14.679] [exthost] [info] ExtensionService#_doActivateExtension mtxr.sqltools {"startup":true,"extensionId":{"value":"mtxr.sqltools-driver-sqlite","_lower":"mtxr.sqltools-driver-sqlite"},"activationEvent":"*"}
[2020-06-22 16:47:14.679] [exthost] [info] ExtensionService#loadCommonJSModule file:///root/.vscode/extensions/mtxr.sqltools-0.22.8/extension.js
[2020-06-22 16:47:14.841] [exthost] [info] ExtensionService#_doActivateExtension PKief.material-icon-theme {"startup":true,"extensionId":{"value":"PKief.material-icon-theme","_lower":"pkief.material-icon-theme"},"activationEvent":"*"}
[2020-06-22 16:47:14.841] [exthost] [info] ExtensionService#loadCommonJSModule file:///root/.vscode/extensions/pkief.material-icon-theme-4.2.0/dist/extension
[2020-06-22 16:47:14.890] [exthost] [info] ExtensionService#_doActivateExtension ritwickdey.LiveServer {"startup":true,"extensionId":{"value":"ritwickdey.LiveServer","_lower":"ritwickdey.liveserver"},"activationEvent":"*"}
[2020-06-22 16:47:14.890] [exthost] [info] ExtensionService#loadCommonJSModule file:///root/.vscode/extensions/ritwickdey.liveserver-5.6.1/out/src/extension
[2020-06-22 16:47:19.708] [exthost] [info] ExtensionService#_doActivateExtension vscode-icons-team.vscode-icons {"startup":true,"extensionId":{"value":"vscode-icons-team.vscode-icons","_lower":"vscode-icons-team.vscode-icons"},"activationEvent":"*"}
[2020-06-22 16:47:19.709] [exthost] [info] ExtensionService#loadCommonJSModule file:///root/.vscode/extensions/vscode-icons-team.vscode-icons-10.1.1/dist/src/vscode-icons.bundle.js
[2020-06-22 16:47:19.822] [exthost] [info] ExtensionService#_doActivateExtension Zignd.html-css-class-completion {"startup":true,"extensionId":{"value":"Zignd.html-css-class-completion","_lower":"zignd.html-css-class-completion"},"activationEvent":"*"}
[2020-06-22 16:47:19.822] [exthost] [info] ExtensionService#loadCommonJSModule file:///root/.vscode/extensions/zignd.html-css-class-completion-1.19.0/out/src/extension
[2020-06-22 16:47:25.999] [exthost] [info] ExtensionService#_doActivateExtension vscode.npm {"startup":true,"extensionId":{"value":"vscode.npm","_lower":"vscode.npm"},"activationEvent":"workspaceContains:package.json"}
[2020-06-22 16:47:25.999] [exthost] [info] ExtensionService#loadCommonJSModule file:///snap/code/31/usr/share/code/resources/app/extensions/npm/dist/main
[2020-06-22 16:47:26.887] [exthost] [info] ExtensionService#_doActivateExtension felixfbecker.php-intellisense {"startup":true,"extensionId":{"value":"felixfbecker.php-intellisense","_lower":"felixfbecker.php-intellisense"},"activationEvent":"workspaceContains:**/*.php"}
[2020-06-22 16:47:26.887] [exthost] [info] ExtensionService#loadCommonJSModule file:///root/.vscode/extensions/felixfbecker.php-intellisense-2.3.14/out/extension
[2020-06-22 16:47:28.224] [exthost] [info] ExtensionService#_doActivateExtension ryannaddy.laravel-artisan {"startup":true,"extensionId":{"value":"ryannaddy.laravel-artisan","_lower":"ryannaddy.laravel-artisan"},"activationEvent":"workspaceContains:**/artisan"}
[2020-06-22 16:47:28.224] [exthost] [info] ExtensionService#loadCommonJSModule file:///root/.vscode/extensions/ryannaddy.laravel-artisan-0.0.27/out/src/extension
[2020-06-22 16:47:28.830] [exthost] [info] eager extensions activated
[2020-06-22 16:47:30.412] [exthost] [error] {"message":"Git error","stdout":"","stderr":"fatal: Pathspec '/home/mauroslucios/Documentos/vagrant-setup-php/www/html/laravel_6.0/.env' is in submodule 'www'\n","exitCode":128,"gitErrorCode":"IsInSubmodule"}
[2020-06-22 16:47:30.412] [exthost] [error] {"message":"Git error","stdout":"","stderr":"fatal: Pathspec '/home/mauroslucios/Documentos/vagrant-setup-php/www/html/laravel_6.0/.env' is in submodule 'www'\n","exitCode":128,"gitErrorCode":"IsInSubmodule"}
[2020-06-22 16:47:30.412] [exthost] [error] {"message":"Git error","stdout":"","stderr":"fatal: Pathspec '/home/mauroslucios/Documentos/vagrant-setup-php/www/html/laravel_6.0/.env' is in submodule 'www'\n","exitCode":128,"gitErrorCode":"IsInSubmodule"}
[2020-06-22 16:47:30.412] [exthost] [error] {"message":"Git error","stdout":"","stderr":"fatal: Pathspec '/home/mauroslucios/Documentos/vagrant-setup-php/www/html/laravel_6.0/.env' is in submodule 'www'\n","exitCode":128,"gitErrorCode":"IsInSubmodule"}
[2020-06-22 16:47:30.412] [exthost] [error] {"message":"Git error","stdout":"","stderr":"fatal: Pathspec '/home/mauroslucios/Documentos/vagrant-setup-php/www/html/laravel_6.0/.env' is in submodule 'www'\n","exitCode":128,"gitErrorCode":"IsInSubmodule"}
[2020-06-22 16:47:30.412] [exthost] [error] {"message":"Git error","stdout":"","stderr":"fatal: Pathspec '/home/mauroslucios/Documentos/vagrant-setup-php/www/html/laravel_6.0/.env' is in submodule 'www'\n","exitCode":128,"gitErrorCode":"IsInSubmodule"}
[2020-06-22 16:47:30.412] [exthost] [error] {"message":"Git error","stdout":"","stderr":"fatal: Pathspec '/home/mauroslucios/Documentos/vagrant-setup-php/www/html/laravel_6.0/.env' is in submodule 'www'\n","exitCode":128,"gitErrorCode":"IsInSubmodule"}
[2020-06-22 16:47:30.412] [exthost] [error] {"message":"Git error","stdout":"","stderr":"fatal: Pathspec '/home/mauroslucios/Documentos/vagrant-setup-php/www/html/laravel_6.0/.env' is in submodule 'www'\n","exitCode":128,"gitErrorCode":"IsInSubmodule"}
[2020-06-22 16:47:30.412] [exthost] [error] {"message":"Git error","stdout":"","stderr":"fatal: Pathspec '/home/mauroslucios/Documentos/vagrant-setup-php/www/html/laravel_6.0/.env' is in submodule 'www'\n","exitCode":128,"gitErrorCode":"IsInSubmodule"}
[2020-06-22 16:47:30.412] [exthost] [error] {"message":"Git error","stdout":"","stderr":"fatal: Pathspec '/home/mauroslucios/Documentos/vagrant-setup-php/www/html/laravel_6.0/.env' is in submodule 'www'\n","exitCode":128,"gitErrorCode":"IsInSubmodule"}
[2020-06-22 16:47:30.412] [exthost] [error] {"message":"Git error","stdout":"","stderr":"fatal: Pathspec '/home/mauroslucios/Documentos/vagrant-setup-php/www/html/laravel_6.0/.env' is in submodule 'www'\n","exitCode":128,"gitErrorCode":"IsInSubmodule"}
[2020-06-22 16:47:30.412] [exthost] [error] {"message":"Git error","stdout":"","stderr":"fatal: Pathspec '/home/mauroslucios/Documentos/vagrant-setup-php/www/html/laravel_6.0/.env' is in submodule 'www'\n","exitCode":128,"gitErrorCode":"IsInSubmodule"}
[2020-06-22 16:47:30.412] [exthost] [error] {"message":"Git error","stdout":"","stderr":"fatal: Pathspec '/home/mauroslucios/Documentos/vagrant-setup-php/www/html/laravel_6.0/.env' is in submodule 'www'\n","exitCode":128,"gitErrorCode":"IsInSubmodule"}
[2020-06-22 16:47:30.412] [exthost] [error] {"message":"Git error","stdout":"","stderr":"fatal: Pathspec '/home/mauroslucios/Documentos/vagrant-setup-php/www/html/laravel_6.0/.env' is in submodule 'www'\n","exitCode":128,"gitErrorCode":"IsInSubmodule"}
[2020-06-22 16:47:30.412] [exthost] [error] {"message":"Git error","stdout":"","stderr":"fatal: Pathspec '/home/mauroslucios/Documentos/vagrant-setup-php/www/html/laravel_6.0/.env' is in submodule 'www'\n","exitCode":128,"gitErrorCode":"IsInSubmodule"}
[2020-06-22 16:47:30.412] [exthost] [error] {"message":"Git error","stdout":"","stderr":"fatal: Pathspec '/home/mauroslucios/Documentos/vagrant-setup-php/www/html/laravel_6.0/.env' is in submodule 'www'\n","exitCode":128,"gitErrorCode":"IsInSubmodule"}
[2020-06-22 16:47:30.412] [exthost] [error] {"message":"Git error","stdout":"","stderr":"fatal: Pathspec '/home/mauroslucios/Documentos/vagrant-setup-php/www/html/laravel_6.0/.env' is in submodule 'www'\n","exitCode":128,"gitErrorCode":"IsInSubmodule"}
[2020-06-22 16:47:30.412] [exthost] [error] {"message":"Git error","stdout":"","stderr":"fatal: Pathspec '/home/mauroslucios/Documentos/vagrant-setup-php/www/html/laravel_6.0/.env' is in submodule 'www'\n","exitCode":128,"gitErrorCode":"IsInSubmodule"}
[2020-06-22 16:47:30.412] [exthost] [error] {"message":"Git error","stdout":"","stderr":"fatal: Pathspec '/home/mauroslucios/Documentos/vagrant-setup-php/www/html/laravel_6.0/.env' is in submodule 'www'\n","exitCode":128,"gitErrorCode":"IsInSubmodule"}
[2020-06-22 16:47:30.412] [exthost] [error] {"message":"Git error","stdout":"","stderr":"fatal: Pathspec '/home/mauroslucios/Documentos/vagrant-setup-php/www/html/laravel_6.0/.env' is in submodule 'www'\n","exitCode":128,"gitErrorCode":"IsInSubmodule"}
[2020-06-22 16:47:30.412] [exthost] [error] {"message":"Git error","stdout":"","stderr":"fatal: Pathspec '/home/mauroslucios/Documentos/vagrant-setup-php/www/html/laravel_6.0/.env' is in submodule 'www'\n","exitCode":128,"gitErrorCode":"IsInSubmodule"}
[2020-06-22 16:47:30.412] [exthost] [error] {"message":"Git error","stdout":"","stderr":"fatal: Pathspec '/home/mauroslucios/Documentos/vagrant-setup-php/www/html/laravel_6.0/.env' is in submodule 'www'\n","exitCode":128,"gitErrorCode":"IsInSubmodule"}
[2020-06-22 16:47:30.412] [exthost] [error] {"message":"Git error","stdout":"","stderr":"fatal: Pathspec '/home/mauroslucios/Documentos/vagrant-setup-php/www/html/laravel_6.0/.env' is in submodule 'www'\n","exitCode":128,"gitErrorCode":"IsInSubmodule"}
[2020-06-22 16:47:30.412] [exthost] [error] {"message":"Git error","stdout":"","stderr":"fatal: Pathspec '/home/mauroslucios/Documentos/vagrant-setup-php/www/html/laravel_6.0/.env' is in submodule 'www'\n","exitCode":128,"gitErrorCode":"IsInSubmodule"}
[2020-06-22 16:47:30.412] [exthost] [error] {"message":"Git error","stdout":"","stderr":"fatal: Pathspec '/home/mauroslucios/Documentos/vagrant-setup-php/www/html/laravel_6.0/.env' is in submodule 'www'\n","exitCode":128,"gitErrorCode":"IsInSubmodule"}
[2020-06-22 16:47:36.185] [exthost] [error] Activating extension ms-vsliveshare.vsliveshare failed due to an error:
[2020-06-22 16:47:36.185] [exthost] [error] Error: Agent terminated with exit code: 0 and signal null: A fatal error occurred. The required library libhostfxr.so could not be found.
If this is a self-contained application, that library should exist in [/root/.vscode/extensions/ms-vsliveshare.vsliveshare-1.0.2354/dotnet_modules/].
If this is a framework-dependent application, install the runtime in the global location [/usr/share/dotnet] or use the DOTNET_ROOT environment variable to specify the runtime location or register the runtime location in [/etc/dotnet/install_location].

The .NET Core runtime can be found at:- https://aka.ms/dotnet-core-applaunch?missing_runtime=true&arch=x64&rid=ubuntu.20.04-x64
    at ChildProcess.<anonymous> (/root/.vscode/extensions/ms-vsliveshare.vsliveshare-1.0.2354/src/abstractions/node/agent.ts:306:32)
    at ChildProcess.emit (events.js:208:15)
    at ChildProcess.EventEmitter.emit (domain.js:476:20)
    at maybeClose (internal/child_process.js:1021:16)
    at Socket.<anonymous> (internal/child_process.js:430:11)
    at Socket.emit (events.js:203:13)
    at Socket.EventEmitter.emit (domain.js:476:20)
    at Pipe.<anonymous> (net.js:588:12)
[2020-06-22 16:47:56.824] [exthost] [error] {"message":"Git error","stdout":"","stderr":"fatal: Pathspec '/home/mauroslucios/Documentos/vagrant-setup-php/www/html/laravel_6.0/app/Console' is in submodule 'www'\n","exitCode":128,"gitErrorCode":"IsInSubmodule"}
[2020-06-22 16:47:56.824] [exthost] [error] {"message":"Git error","stdout":"","stderr":"fatal: Pathspec '/home/mauroslucios/Documentos/vagrant-setup-php/www/html/laravel_6.0/app/Console' is in submodule 'www'\n","exitCode":128,"gitErrorCode":"IsInSubmodule"}
[2020-06-22 16:47:56.824] [exthost] [error] {"message":"Git error","stdout":"","stderr":"fatal: Pathspec '/home/mauroslucios/Documentos/vagrant-setup-php/www/html/laravel_6.0/app/Console' is in submodule 'www'\n","exitCode":128,"gitErrorCode":"IsInSubmodule"}
[2020-06-22 16:47:56.824] [exthost] [error] {"message":"Git error","stdout":"","stderr":"fatal: Pathspec '/home/mauroslucios/Documentos/vagrant-setup-php/www/html/laravel_6.0/app/Console' is in submodule 'www'\n","exitCode":128,"gitErrorCode":"IsInSubmodule"}
[2020-06-22 16:47:56.825] [exthost] [error] {"message":"Git error","stdout":"","stderr":"fatal: Pathspec '/home/mauroslucios/Documentos/vagrant-setup-php/www/html/laravel_6.0/app/Console' is in submodule 'www'\n","exitCode":128,"gitErrorCode":"IsInSubmodule"}
[2020-06-22 16:47:59.700] [exthost] [error] {"message":"Git error","stdout":"","stderr":"fatal: Pathspec '/home/mauroslucios/Documentos/vagrant-setup-php/www/html/laravel_6.0/config/app.php' is in submodule 'www'\n","exitCode":128,"gitErrorCode":"IsInSubmodule"}
[2020-06-22 16:47:59.700] [exthost] [error] {"message":"Git error","stdout":"","stderr":"fatal: Pathspec '/home/mauroslucios/Documentos/vagrant-setup-php/www/html/laravel_6.0/config/app.php' is in submodule 'www'\n","exitCode":128,"gitErrorCode":"IsInSubmodule"}
[2020-06-22 16:47:59.700] [exthost] [error] {"message":"Git error","stdout":"","stderr":"fatal: Pathspec '/home/mauroslucios/Documentos/vagrant-setup-php/www/html/laravel_6.0/config/app.php' is in submodule 'www'\n","exitCode":128,"gitErrorCode":"IsInSubmodule"}
[2020-06-22 16:47:59.700] [exthost] [error] {"message":"Git error","stdout":"","stderr":"fatal: Pathspec '/home/mauroslucios/Documentos/vagrant-setup-php/www/html/laravel_6.0/config/app.php' is in submodule 'www'\n","exitCode":128,"gitErrorCode":"IsInSubmodule"}
[2020-06-22 16:47:59.700] [exthost] [error] {"message":"Git error","stdout":"","stderr":"fatal: Pathspec '/home/mauroslucios/Documentos/vagrant-setup-php/www/html/laravel_6.0/config/app.php' is in submodule 'www'\n","exitCode":128,"gitErrorCode":"IsInSubmodule"}
[2020-06-22 16:47:59.700] [exthost] [error] {"message":"Git error","stdout":"","stderr":"fatal: Pathspec '/home/mauroslucios/Documentos/vagrant-setup-php/www/html/laravel_6.0/config/app.php' is in submodule 'www'\n","exitCode":128,"gitErrorCode":"IsInSubmodule"}
[2020-06-22 16:47:59.700] [exthost] [error] {"message":"Git error","stdout":"","stderr":"fatal: Pathspec '/home/mauroslucios/Documentos/vagrant-setup-php/www/html/laravel_6.0/config/app.php' is in submodule 'www'\n","exitCode":128,"gitErrorCode":"IsInSubmodule"}
[2020-06-22 16:47:59.700] [exthost] [error] {"message":"Git error","stdout":"","stderr":"fatal: Pathspec '/home/mauroslucios/Documentos/vagrant-setup-php/www/html/laravel_6.0/config/app.php' is in submodule 'www'\n","exitCode":128,"gitErrorCode":"IsInSubmodule"}
[2020-06-22 16:47:59.700] [exthost] [error] {"message":"Git error","stdout":"","stderr":"fatal: Pathspec '/home/mauroslucios/Documentos/vagrant-setup-php/www/html/laravel_6.0/config/app.php' is in submodule 'www'\n","exitCode":128,"gitErrorCode":"IsInSubmodule"}
[2020-06-22 16:47:59.700] [exthost] [error] {"message":"Git error","stdout":"","stderr":"fatal: Pathspec '/home/mauroslucios/Documentos/vagrant-setup-php/www/html/laravel_6.0/config/app.php' is in submodule 'www'\n","exitCode":128,"gitErrorCode":"IsInSubmodule"}
[2020-06-22 16:47:59.700] [exthost] [error] {"message":"Git error","stdout":"","stderr":"fatal: Pathspec '/home/mauroslucios/Documentos/vagrant-setup-php/www/html/laravel_6.0/config/app.php' is in submodule 'www'\n","exitCode":128,"gitErrorCode":"IsInSubmodule"}
[2020-06-22 16:47:59.700] [exthost] [error] {"message":"Git error","stdout":"","stderr":"fatal: Pathspec '/home/mauroslucios/Documentos/vagrant-setup-php/www/html/laravel_6.0/config/app.php' is in submodule 'www'\n","exitCode":128,"gitErrorCode":"IsInSubmodule"}
[2020-06-22 16:47:59.700] [exthost] [error] {"message":"Git error","stdout":"","stderr":"fatal: Pathspec '/home/mauroslucios/Documentos/vagrant-setup-php/www/html/laravel_6.0/config/app.php' is in submodule 'www'\n","exitCode":128,"gitErrorCode":"IsInSubmodule"}
[2020-06-22 16:48:02.101] [exthost] [info] ExtensionService#_doActivateExtension vscode.php-language-features {"startup":false,"extensionId":{"value":"vscode.php-language-features","_lower":"vscode.php-language-features"},"activationEvent":"onLanguage:php"}
[2020-06-22 16:48:02.101] [exthost] [info] ExtensionService#loadCommonJSModule file:///snap/code/31/usr/share/code/resources/app/extensions/php-language-features/dist/phpMain
[2020-06-22 16:48:02.159] [exthost] [info] ExtensionService#_doActivateExtension amiralizadeh9480.laravel-extra-intellisense {"startup":false,"extensionId":{"value":"amiralizadeh9480.laravel-extra-intellisense","_lower":"amiralizadeh9480.laravel-extra-intellisense"},"activationEvent":"onLanguage:php"}
[2020-06-22 16:48:02.159] [exthost] [info] ExtensionService#loadCommonJSModule file:///root/.vscode/extensions/amiralizadeh9480.laravel-extra-intellisense-0.3.1/out/extension.js
[2020-06-22 16:48:02.195] [exthost] [info] ExtensionService#_doActivateExtension bmewburn.vscode-intelephense-client {"startup":false,"extensionId":{"value":"bmewburn.vscode-intelephense-client","_lower":"bmewburn.vscode-intelephense-client"},"activationEvent":"onLanguage:php"}
[2020-06-22 16:48:02.196] [exthost] [info] ExtensionService#loadCommonJSModule file:///root/.vscode/extensions/bmewburn.vscode-intelephense-client-1.4.1/lib/extension
[2020-06-22 16:48:02.262] [exthost] [info] ExtensionService#_doActivateExtension codingyu.laravel-goto-view {"startup":false,"extensionId":{"value":"codingyu.laravel-goto-view","_lower":"codingyu.laravel-goto-view"},"activationEvent":"onLanguage:php"}
[2020-06-22 16:48:02.262] [exthost] [info] ExtensionService#loadCommonJSModule file:///root/.vscode/extensions/codingyu.laravel-goto-view-1.3.3/out/src/extension
[2020-06-22 16:48:15.543] [exthost] [info] ExtensionService#_doActivateExtension mtxr.sqltools-driver-sqlite {"startup":true,"extensionId":{"value":"mtxr.sqltools-driver-sqlite","_lower":"mtxr.sqltools-driver-sqlite"},"activationEvent":"*"}
[2020-06-22 16:48:15.543] [exthost] [info] ExtensionService#loadCommonJSModule file:///root/.vscode/extensions/mtxr.sqltools-driver-sqlite-0.0.6/out/extension.js
