Initializing document watcher...
laravel_6.0/.env: {"insertSpaces":true,"tabSize":4}
laravel_6.0/.env: Using EditorConfig core...
.env: setEndOfLine(LF)
.env: editor.action.trimTrailingWhitespace
laravel_6.0/.env: Using EditorConfig core...
.env: setEndOfLine(LF)
.env: editor.action.trimTrailingWhitespace
laravel_6.0/.env: Using EditorConfig core...
.env: setEndOfLine(LF)
.env: editor.action.trimTrailingWhitespace
laravel_6.0/.env: Using EditorConfig core...
.env: setEndOfLine(LF)
.env: editor.action.trimTrailingWhitespace
laravel_6.0/.env: Using EditorConfig core...
.env: setEndOfLine(LF)
.env: editor.action.trimTrailingWhitespace
laravel_6.0/.env: Using EditorConfig core...
.env: setEndOfLine(LF)
.env: editor.action.trimTrailingWhitespace
laravel_6.0/.env: {"insertSpaces":true,"tabSize":4}
laravel_6.0/.env: {"insertSpaces":true,"tabSize":4}
No more open editors.
laravel_6.0/.env: {"insertSpaces":true,"tabSize":4}
